750
675 659
113
493
116 405
725
908
472
143 601
258
586 322
916 271
935
95 331
866 518
508
354
406
87
480
7
944
25
431
285 244
799
37 242
63
567
693
140
895
956 599
996 915
793 343
420
777
397
704
869
622 717
342
463
572 6
627
850
645
314
294
496 165
656
38
199 119
904 695
35
826
874
429
865
570
820
419 115
593
490 945
678
924
157 794
503 10
822
166
112
931
449 344
176
235
913
856 337
361
964
280 752
368 949
96 774
274
540
466 407
823
121
48
387
147 765
756
773 501
613
587 475
786
763 218
562 452
223 408
247
643 434
519
878
257 982
267
594
446
458 612
349
739
174
326
383 237
846 191
70
706
543 118
588
839
4
538
333
120
49 44
909 685
180 769
29
762 80
807
393
914
282
377
385 721
212
958 684
544 862
270 681
541
329
107
513 805
569
576
448
755
479
531
852
441
848
637 912
579 0
534 427
189
906
575
881 432
278
690
153 897
557
188 891
92
27 454
453
225
723
245
491
205
926
754
959
843
172 868
507
154
665 494
824 470
17
305
837 310
667
911 243
871 947
514
268
634 662
989
379
11
589 814
741
885 117
220
288 600
142
925
511 965
43
922
275
495 873
635 443
703 123
146 93
384 482
155 424
943 872
286
658
880
67 632
979 801
844
746
791
515
845
273 64
276
109
437 709
89
877
374
712
896
425
605
169 8
535 71
196
597
887
460
899
55 598
78
14
352
338 521
533
240
389
307 426
241
327 696
832 571
602
345 517
145
976
167
781 26
467
41
13
135
811
624 705
500
524 102
226 46
708
694
201
447 984
994
86 564
367
455 130
250 673
749 295
59 422
520
796 568
312
970
948
789 582
532
955
358
5
378
653 810
183 661
833 581
90
364
230
9
682
523 459
450
292
886
779
680
202
516
100
995 674
715 30
356
616
81
339 410
62
471 941
858 753
631 131
399 238
902 522
194
34
18 711
648
215 542
758 133
325
642
737 545
611
56
137 82
745
300
626
332
357
231 759
592
860
713
77
633 69
506
551
224 853
510 760
239
350 967
296
36 800
219
561
742
647
468
394 68
864
971
649
94 53
975
898 795
580 304
849
618 417
31 12
683 744
428 162
33
381
584
644
559
549
311
731 988
380
735 40
177
187
388 445
254
969
72 61
164
319
321 726
936
558 161
646
139
186
819
98
655
963
876 91
50
990 97
369
724
303
750 553
697 382
391
638
251
654
22
203
487 625
530
421
269 528
857 930
591
710 47
433
502
228
42
859
198 221
436
617 365
761
732
578 395
978
299
260
937 813
983
997
565
946 371
211
184
362
802
894 336
992
210
163 469
497
39
827
488
439
192
23
149
728
318 335
692
197
483
707
108 263
1
477
442
842
209
84 841
57 716
623
583 341
478 879
953 390
672
641
729
555
900
171 920
733
604
430
536
435
574
907
400
993 168
485
279
324 552
293
699 76
73
556
403 566
985 259
785
901 476
386 465
689 698
182 892
730
548 525
509
290 51
287
919 537
629
775
151 104
867
940 144
573 615
560
114 981
883 961
499
788 512
222
351
671
851
486
103
778
767
962
884 701
657 770
208
444 175
272
412
207 882
854
206 105
366 603
204 15
719
246 932
416
132
784
939
253 438
738
214 808
24
462
2 418
178
233
248 585
957 607
409 138
347
942
308
847 628
456
526
917
401 590
277
998
216
234 806
838 999
817 291
125
812
457
782 861
546
370
45
929 825
170
608 934
928 464
190 375
950
19
265
340
504
809
473
252 185
106
727
875
348
355 65
986
606
700 156
317
159
663
664 968
489
863
554
780
650
651 376
768
83
229
771
134 720
360
910 577
890
790
255
888
110
830
889
141
316
776
451
20 266
3
977 974
309
829
972
16
262 751
505
660 363
747
596
79 835
893
423
60
227 798
414 620
792
687
933
691
918 492
284
621
334
396
834 740
855
614
74
301
669
840 783
595 686
973 960
249 297
640
722
346
816 630
193
748
122
639
987
803
676 563
85 903
411
264 980
302
831
148
481 152
836
787
757
353 158
818 58
619 54
921
320
21
217
905
821
610
539
173 359
772
111
415 474
440
32 398
734
870
679
323
181
283
952 150
313
328
550
413 128
179
677
373 66
766
28
923
527 636
232
99 529
195 498
52 306
256 668
289 797
298
688
991 160
804
281
129 402
718
702
315
136
938
461 714
966
609 670
927 828
764
652
951
88 200
547 484
127
392 124
815
743
75
126 236
213
954
101 330
736
404
372 666
261
